2K performance run parameters for coremark.
CoreMark Size    : 666
Total ticks      : 2836
Total time (secs): 0.002836
Iterations/Sec   : 282087447.108604
ERROR! Must execute for at least 10 secs for a valid result!
Iterations       : 800000
Compiler version : GCC13.1.0
Compiler flags   : -O2 -DMULTITHREAD=4 -DUSE_FORK -DPERFORMANCE_RUN=1  -lrt
Parallel Fork : 4
Memory location  : Please put data memory location here
			(e.g. code in flash, data on heap etc)
seedcrc          : 0xe9f5
[0]crclist       : 0xe714
[1]crclist       : 0xe714
[2]crclist       : 0xe714
[3]crclist       : 0xe714
[0]crcmatrix     : 0x1fd7
[1]crcmatrix     : 0x1fd7
[2]crcmatrix     : 0x1fd7
[3]crcmatrix     : 0x1fd7
[0]crcstate      : 0x8e3a
[1]crcstate      : 0x8e3a
[2]crcstate      : 0x8e3a
[3]crcstate      : 0x8e3a
[0]crcfinal      : 0x4983
[1]crcfinal      : 0x4983
[2]crcfinal      : 0x4983
[3]crcfinal      : 0x4983
Errors detected
